c:\users\zanar\onedrive - staffordshire university\courses\mariogameproject\mariogame\mariogame\debug\vc142.pdb
c:\users\zanar\onedrive - staffordshire university\courses\mariogameproject\mariogame\mariogame\debug\vc142.idb
c:\users\zanar\onedrive - staffordshire university\courses\mariogameproject\mariogame\mariogame\debug\texture2d.obj
c:\users\zanar\onedrive - staffordshire university\courses\mariogameproject\mariogame\mariogame\debug\source.obj
c:\users\zanar\onedrive - staffordshire university\courses\mariogameproject\mariogame\mariogame\debug\soundeffect.obj
c:\users\zanar\onedrive - staffordshire university\courses\mariogameproject\mariogame\mariogame\debug\powblock.obj
c:\users\zanar\onedrive - staffordshire university\courses\mariogameproject\mariogame\mariogame\debug\levelmap.obj
c:\users\zanar\onedrive - staffordshire university\courses\mariogameproject\mariogame\mariogame\debug\gamescreenmenu.obj
c:\users\zanar\onedrive - staffordshire university\courses\mariogameproject\mariogame\mariogame\debug\gamescreenmanager.obj
c:\users\zanar\onedrive - staffordshire university\courses\mariogameproject\mariogame\mariogame\debug\gamescreenlevel1.obj
c:\users\zanar\onedrive - staffordshire university\courses\mariogameproject\mariogame\mariogame\debug\gamescreen.obj
c:\users\zanar\onedrive - staffordshire university\courses\mariogameproject\mariogame\mariogame\debug\collisions.obj
c:\users\zanar\onedrive - staffordshire university\courses\mariogameproject\mariogame\mariogame\debug\charactermario.obj
c:\users\zanar\onedrive - staffordshire university\courses\mariogameproject\mariogame\mariogame\debug\characterluigi.obj
c:\users\zanar\onedrive - staffordshire university\courses\mariogameproject\mariogame\mariogame\debug\characterkoopa.obj
c:\users\zanar\onedrive - staffordshire university\courses\mariogameproject\mariogame\mariogame\debug\charactercoin.obj
c:\users\zanar\onedrive - staffordshire university\courses\mariogameproject\mariogame\mariogame\debug\character.obj
c:\users\zanar\onedrive - staffordshire university\courses\mariogameproject\mariogame\debug\mariogame.exe
c:\users\zanar\onedrive - staffordshire university\courses\mariogameproject\mariogame\debug\mariogame.ilk
c:\users\zanar\onedrive - staffordshire university\courses\mariogameproject\mariogame\debug\mariogame.pdb
c:\users\zanar\onedrive - staffordshire university\courses\mariogameproject\mariogame\mariogame\debug\mariogame.tlog\cl.command.1.tlog
c:\users\zanar\onedrive - staffordshire university\courses\mariogameproject\mariogame\mariogame\debug\mariogame.tlog\cl.read.1.tlog
c:\users\zanar\onedrive - staffordshire university\courses\mariogameproject\mariogame\mariogame\debug\mariogame.tlog\cl.write.1.tlog
c:\users\zanar\onedrive - staffordshire university\courses\mariogameproject\mariogame\mariogame\debug\mariogame.tlog\link.command.1.tlog
c:\users\zanar\onedrive - staffordshire university\courses\mariogameproject\mariogame\mariogame\debug\mariogame.tlog\link.read.1.tlog
c:\users\zanar\onedrive - staffordshire university\courses\mariogameproject\mariogame\mariogame\debug\mariogame.tlog\link.write.1.tlog
