  Character.cpp
C:\Users\zanar\OneDrive - Staffordshire University\Courses\MarioGameProject\MarioGame\MarioGame\Character.h(35,88): warning C4244: 'argument': conversion from 'int' to 'float', possible loss of data
C:\Users\zanar\OneDrive - Staffordshire University\Courses\MarioGameProject\MarioGame\MarioGame\Character.h(35,64): warning C4244: 'argument': conversion from 'int' to 'float', possible loss of data
  CharacterCoin.cpp
C:\Users\zanar\OneDrive - Staffordshire University\Courses\MarioGameProject\MarioGame\MarioGame\Character.h(35,88): warning C4244: 'argument': conversion from 'int' to 'float', possible loss of data
C:\Users\zanar\OneDrive - Staffordshire University\Courses\MarioGameProject\MarioGame\MarioGame\Character.h(35,64): warning C4244: 'argument': conversion from 'int' to 'float', possible loss of data
C:\Users\zanar\OneDrive - Staffordshire University\Courses\MarioGameProject\MarioGame\MarioGame\CharacterCoin.cpp(6,44): warning C4244: '=': conversion from 'int' to 'float', possible loss of data
C:\Users\zanar\OneDrive - Staffordshire University\Courses\MarioGameProject\MarioGame\MarioGame\CharacterCoin.cpp(7,42): warning C4244: '=': conversion from 'int' to 'float', possible loss of data
C:\Users\zanar\OneDrive - Staffordshire University\Courses\MarioGameProject\MarioGame\MarioGame\CharacterCoin.cpp(18,48): warning C4838: conversion from 'float' to 'int' requires a narrowing conversion
C:\Users\zanar\OneDrive - Staffordshire University\Courses\MarioGameProject\MarioGame\MarioGame\CharacterCoin.cpp(18,48): warning C4244: 'initializing': conversion from 'float' to 'int', possible loss of data
C:\Users\zanar\OneDrive - Staffordshire University\Courses\MarioGameProject\MarioGame\MarioGame\CharacterCoin.cpp(18,73): warning C4838: conversion from 'float' to 'int' requires a narrowing conversion
C:\Users\zanar\OneDrive - Staffordshire University\Courses\MarioGameProject\MarioGame\MarioGame\CharacterCoin.cpp(18,73): warning C4244: 'initializing': conversion from 'float' to 'int', possible loss of data
C:\Users\zanar\OneDrive - Staffordshire University\Courses\MarioGameProject\MarioGame\MarioGame\CharacterCoin.cpp(18,92): warning C4838: conversion from 'float' to 'int' requires a narrowing conversion
C:\Users\zanar\OneDrive - Staffordshire University\Courses\MarioGameProject\MarioGame\MarioGame\CharacterCoin.cpp(18,92): warning C4244: 'initializing': conversion from 'float' to 'int', possible loss of data
C:\Users\zanar\OneDrive - Staffordshire University\Courses\MarioGameProject\MarioGame\MarioGame\CharacterCoin.cpp(19,66): warning C4838: conversion from 'float' to 'int' requires a narrowing conversion
C:\Users\zanar\OneDrive - Staffordshire University\Courses\MarioGameProject\MarioGame\MarioGame\CharacterCoin.cpp(19,66): warning C4244: 'initializing': conversion from 'float' to 'int', possible loss of data
C:\Users\zanar\OneDrive - Staffordshire University\Courses\MarioGameProject\MarioGame\MarioGame\CharacterCoin.cpp(19,85): warning C4838: conversion from 'float' to 'int' requires a narrowing conversion
C:\Users\zanar\OneDrive - Staffordshire University\Courses\MarioGameProject\MarioGame\MarioGame\CharacterCoin.cpp(19,85): warning C4244: 'initializing': conversion from 'float' to 'int', possible loss of data
  CharacterKoopa.cpp
C:\Users\zanar\OneDrive - Staffordshire University\Courses\MarioGameProject\MarioGame\MarioGame\Character.h(35,88): warning C4244: 'argument': conversion from 'int' to 'float', possible loss of data
C:\Users\zanar\OneDrive - Staffordshire University\Courses\MarioGameProject\MarioGame\MarioGame\Character.h(35,64): warning C4244: 'argument': conversion from 'int' to 'float', possible loss of data
C:\Users\zanar\OneDrive - Staffordshire University\Courses\MarioGameProject\MarioGame\MarioGame\CharacterKoopa.cpp(10,44): warning C4244: '=': conversion from 'int' to 'float', possible loss of data
C:\Users\zanar\OneDrive - Staffordshire University\Courses\MarioGameProject\MarioGame\MarioGame\CharacterKoopa.cpp(11,42): warning C4244: '=': conversion from 'int' to 'float', possible loss of data
C:\Users\zanar\OneDrive - Staffordshire University\Courses\MarioGameProject\MarioGame\MarioGame\CharacterKoopa.cpp(57,11): warning C4244: 'initializing': conversion from 'float' to 'int', possible loss of data
C:\Users\zanar\OneDrive - Staffordshire University\Courses\MarioGameProject\MarioGame\MarioGame\CharacterKoopa.cpp(61,10): warning C4244: '=': conversion from 'float' to 'int', possible loss of data
C:\Users\zanar\OneDrive - Staffordshire University\Courses\MarioGameProject\MarioGame\MarioGame\CharacterKoopa.cpp(65,42): warning C4838: conversion from 'float' to 'int' requires a narrowing conversion
C:\Users\zanar\OneDrive - Staffordshire University\Courses\MarioGameProject\MarioGame\MarioGame\CharacterKoopa.cpp(65,42): warning C4244: 'initializing': conversion from 'float' to 'int', possible loss of data
C:\Users\zanar\OneDrive - Staffordshire University\Courses\MarioGameProject\MarioGame\MarioGame\CharacterKoopa.cpp(65,61): warning C4838: conversion from 'float' to 'int' requires a narrowing conversion
C:\Users\zanar\OneDrive - Staffordshire University\Courses\MarioGameProject\MarioGame\MarioGame\CharacterKoopa.cpp(65,61): warning C4244: 'initializing': conversion from 'float' to 'int', possible loss of data
C:\Users\zanar\OneDrive - Staffordshire University\Courses\MarioGameProject\MarioGame\MarioGame\CharacterKoopa.cpp(68,66): warning C4838: conversion from 'float' to 'int' requires a narrowing conversion
C:\Users\zanar\OneDrive - Staffordshire University\Courses\MarioGameProject\MarioGame\MarioGame\CharacterKoopa.cpp(68,66): warning C4244: 'initializing': conversion from 'float' to 'int', possible loss of data
C:\Users\zanar\OneDrive - Staffordshire University\Courses\MarioGameProject\MarioGame\MarioGame\CharacterKoopa.cpp(68,85): warning C4838: conversion from 'float' to 'int' requires a narrowing conversion
C:\Users\zanar\OneDrive - Staffordshire University\Courses\MarioGameProject\MarioGame\MarioGame\CharacterKoopa.cpp(68,85): warning C4244: 'initializing': conversion from 'float' to 'int', possible loss of data
  CharacterLuigi.cpp
C:\Users\zanar\OneDrive - Staffordshire University\Courses\MarioGameProject\MarioGame\MarioGame\Character.h(35,88): warning C4244: 'argument': conversion from 'int' to 'float', possible loss of data
C:\Users\zanar\OneDrive - Staffordshire University\Courses\MarioGameProject\MarioGame\MarioGame\Character.h(35,64): warning C4244: 'argument': conversion from 'int' to 'float', possible loss of data
  CharacterMario.cpp
C:\Users\zanar\OneDrive - Staffordshire University\Courses\MarioGameProject\MarioGame\MarioGame\Character.h(35,88): warning C4244: 'argument': conversion from 'int' to 'float', possible loss of data
C:\Users\zanar\OneDrive - Staffordshire University\Courses\MarioGameProject\MarioGame\MarioGame\Character.h(35,64): warning C4244: 'argument': conversion from 'int' to 'float', possible loss of data
  Collisions.cpp
C:\Users\zanar\OneDrive - Staffordshire University\Courses\MarioGameProject\MarioGame\MarioGame\Character.h(35,88): warning C4244: 'argument': conversion from 'int' to 'float', possible loss of data
C:\Users\zanar\OneDrive - Staffordshire University\Courses\MarioGameProject\MarioGame\MarioGame\Character.h(35,64): warning C4244: 'argument': conversion from 'int' to 'float', possible loss of data
  GameScreenLevel1.cpp
C:\Users\zanar\OneDrive - Staffordshire University\Courses\MarioGameProject\MarioGame\MarioGame\Character.h(35,88): warning C4244: 'argument': conversion from 'int' to 'float', possible loss of data
C:\Users\zanar\OneDrive - Staffordshire University\Courses\MarioGameProject\MarioGame\MarioGame\Character.h(35,64): warning C4244: 'argument': conversion from 'int' to 'float', possible loss of data
C:\Users\zanar\OneDrive - Staffordshire University\Courses\MarioGameProject\MarioGame\MarioGame\PowBlock.h(14,112): warning C4244: 'argument': conversion from 'int' to 'float', possible loss of data
C:\Users\zanar\OneDrive - Staffordshire University\Courses\MarioGameProject\MarioGame\MarioGame\PowBlock.h(14,88): warning C4244: 'argument': conversion from 'int' to 'float', possible loss of data
C:\Users\zanar\OneDrive - Staffordshire University\Courses\MarioGameProject\MarioGame\MarioGame\GameScreenLevel1.cpp(29,20): warning C4018: '<': signed/unsigned mismatch
C:\Users\zanar\OneDrive - Staffordshire University\Courses\MarioGameProject\MarioGame\MarioGame\GameScreenLevel1.cpp(35,20): warning C4018: '<': signed/unsigned mismatch
  GameScreenManager.cpp
C:\Users\zanar\OneDrive - Staffordshire University\Courses\MarioGameProject\MarioGame\MarioGame\Character.h(35,88): warning C4244: 'argument': conversion from 'int' to 'float', possible loss of data
C:\Users\zanar\OneDrive - Staffordshire University\Courses\MarioGameProject\MarioGame\MarioGame\Character.h(35,64): warning C4244: 'argument': conversion from 'int' to 'float', possible loss of data
C:\Users\zanar\OneDrive - Staffordshire University\Courses\MarioGameProject\MarioGame\MarioGame\PowBlock.h(14,112): warning C4244: 'argument': conversion from 'int' to 'float', possible loss of data
C:\Users\zanar\OneDrive - Staffordshire University\Courses\MarioGameProject\MarioGame\MarioGame\PowBlock.h(14,88): warning C4244: 'argument': conversion from 'int' to 'float', possible loss of data
  LevelMap.cpp
  PowBlock.cpp
C:\Users\zanar\OneDrive - Staffordshire University\Courses\MarioGameProject\MarioGame\MarioGame\PowBlock.h(14,112): warning C4244: 'argument': conversion from 'int' to 'float', possible loss of data
C:\Users\zanar\OneDrive - Staffordshire University\Courses\MarioGameProject\MarioGame\MarioGame\PowBlock.h(14,88): warning C4244: 'argument': conversion from 'int' to 'float', possible loss of data
C:\Users\zanar\OneDrive - Staffordshire University\Courses\MarioGameProject\MarioGame\MarioGame\PowBlock.cpp(14,44): warning C4244: '=': conversion from 'int' to 'float', possible loss of data
C:\Users\zanar\OneDrive - Staffordshire University\Courses\MarioGameProject\MarioGame\MarioGame\PowBlock.cpp(15,42): warning C4244: '=': conversion from 'int' to 'float', possible loss of data
C:\Users\zanar\OneDrive - Staffordshire University\Courses\MarioGameProject\MarioGame\MarioGame\PowBlock.cpp(34,12): warning C4244: 'initializing': conversion from 'float' to 'int', possible loss of data
C:\Users\zanar\OneDrive - Staffordshire University\Courses\MarioGameProject\MarioGame\MarioGame\PowBlock.cpp(37,43): warning C4838: conversion from 'float' to 'int' requires a narrowing conversion
C:\Users\zanar\OneDrive - Staffordshire University\Courses\MarioGameProject\MarioGame\MarioGame\PowBlock.cpp(37,43): warning C4244: 'initializing': conversion from 'float' to 'int', possible loss of data
C:\Users\zanar\OneDrive - Staffordshire University\Courses\MarioGameProject\MarioGame\MarioGame\PowBlock.cpp(37,62): warning C4838: conversion from 'float' to 'int' requires a narrowing conversion
C:\Users\zanar\OneDrive - Staffordshire University\Courses\MarioGameProject\MarioGame\MarioGame\PowBlock.cpp(37,62): warning C4244: 'initializing': conversion from 'float' to 'int', possible loss of data
C:\Users\zanar\OneDrive - Staffordshire University\Courses\MarioGameProject\MarioGame\MarioGame\PowBlock.cpp(42,68): warning C4838: conversion from 'float' to 'int' requires a narrowing conversion
C:\Users\zanar\OneDrive - Staffordshire University\Courses\MarioGameProject\MarioGame\MarioGame\PowBlock.cpp(42,68): warning C4244: 'initializing': conversion from 'float' to 'int', possible loss of data
C:\Users\zanar\OneDrive - Staffordshire University\Courses\MarioGameProject\MarioGame\MarioGame\PowBlock.cpp(42,87): warning C4838: conversion from 'float' to 'int' requires a narrowing conversion
C:\Users\zanar\OneDrive - Staffordshire University\Courses\MarioGameProject\MarioGame\MarioGame\PowBlock.cpp(42,87): warning C4244: 'initializing': conversion from 'float' to 'int', possible loss of data
  Source.cpp
  Generating Code...
  MarioGame.vcxproj -> C:\Users\zanar\OneDrive - Staffordshire University\Courses\MarioGameProject\MarioGame\Debug\MarioGame.exe
